<?xml version="1.0" encoding="UTF-8"?>
<!-- Generated by org.testng.reporters.JUnitXMLReporter -->
<testsuite ignored="0" hostname="LAPTOP-E8T0R53H" failures="1" tests="4" name="Test" time="70.445" errors="0" timestamp="2023-02-27T16:58:29 IST">
  <testcase classname="TestCases.Headertestcases" name="headerobjects" time="1.52">
    <failure type="java.lang.AssertionError" message="The following asserts failed:
	expected [Warning: No match for E-Mail Address and/or Password.] but found [Warning: Your account has exceeded allowed number of login attempts. Please try again in 1 hour.]">
      <![CDATA[java.lang.AssertionError: The following asserts failed:
expected [Warning: No match for E-Mail Address and/or Password.] but found [Warning: Your account has exceeded allowed number of login attempts. Please try again in 1 hour.]
at Resources.commonmethods.handleassertion(commonmethods.java:16)
at TestCases.Headertestcases.headerobjects(Headertestcases.java:29)
at java.base/java.util.ArrayList.forEach(ArrayList.java:1511)
... Removed 29 stack frames]]>
    </failure>
  </testcase> <!-- headerobjects -->
  <testcase classname="TestCases.Homepagetestcases" name="homepageobjects" time="23.053"/>
  <testcase classname="TestCases.Footertestcases" name="footerobjects" time="10.421"/>
  <testcase classname="TestCases.addtocarttestcases" name="addtocartobjects" time="7.603"/>
</testsuite> <!-- Test -->
