<?xml version="1.0" encoding="UTF-8"?>
<testng-results ignored="0" total="1" passed="1" failed="0" skipped="0">
  <reporter-output>
  </reporter-output>
  <suite started-at="2023-02-27T17:05:33 IST" name="Default suite" finished-at="2023-02-27T17:05:50 IST" duration-ms="16519">
    <groups>
    </groups>
    <test started-at="2023-02-27T17:05:33 IST" name="Default test" finished-at="2023-02-27T17:05:50 IST" duration-ms="16519">
      <class name="TestCases.addtocarttestcases">
        <test-method is-config="true" signature="launch()[pri:0, instance:TestCases.addtocarttestcases@4efc180e]" started-at="2023-02-27T17:05:33 IST" name="launch" finished-at="2023-02-27T17:05:42 IST" duration-ms="8851" status="PASS">
          <reporter-output>
          </reporter-output>
        </test-method> <!-- launch -->
        <test-method signature="addtocartobjects()[pri:0, instance:TestCases.addtocarttestcases@4efc180e]" started-at="2023-02-27T17:05:42 IST" name="addtocartobjects" finished-at="2023-02-27T17:05:50 IST" duration-ms="7586" status="PASS">
          <reporter-output>
          </reporter-output>
        </test-method> <!-- addtocartobjects -->
      </class> <!-- TestCases.addtocarttestcases -->
    </test> <!-- Default test -->
  </suite> <!-- Default suite -->
</testng-results>
